<?xml version="1.0" encoding="UTF-8"?>
<!-- Generated by org.testng.reporters.JUnitXMLReporter -->
<testsuite hostname="RIPLBRD49" ignored="0" name="SA_verification" tests="2" failures="1" timestamp="12 Jun 2018 05:03:10 GMT" time="19.977" errors="0">
  <testcase name="Salogin" time="2.454" classname="com.sa.js.login.JsLogin"/>
  <testcase name="Matches" time="5.431" classname="com.sa.js.login.JsLogin">
    <failure type="java.lang.NullPointerException">
      <![CDATA[java.lang.NullPointerExceptionat org.openqa.selenium.support.ui.Select.<init>(Select.java:44)at com.sa.js.login.JsLogin.Matches(JsLogin.java:75)... Removed 29 stack frames]]>
    </failure>
  </testcase> <!-- Matches -->
</testsuite> <!-- SA_verification -->
