-------------------------------------------------------------------------------
Test set: TestSuite
-------------------------------------------------------------------------------
Tests run: 2, Failures: 1, Errors: 0, Skipped: 0, Time elapsed: 20.481 s <<< FAILURE! - in TestSuite
Matches(com.sa.js.login.JsLogin)  Time elapsed: 5.443 s  <<< FAILURE!
java.lang.NullPointerException
	at com.sa.js.login.JsLogin.Matches(JsLogin.java:75)

