<?xml version="1.0" encoding="UTF-8"?>
<testng-results skipped="0" failed="1" ignored="0" total="2" passed="1">
  <reporter-output>
    <line>
      <![CDATA[Test Complete Browser Quit]]>
    </line>
  </reporter-output>
  <suite name="SA Test Suite" duration-ms="19977" started-at="2018-06-12T05:02:50Z" finished-at="2018-06-12T05:03:10Z">
    <groups>
    </groups>
    <test name="SA_verification" duration-ms="19977" started-at="2018-06-12T05:02:50Z" finished-at="2018-06-12T05:03:10Z">
      <class name="com.sa.js.login.JsLogin">
        <test-method status="PASS" signature="LoadPropertie()[pri:0, instance:com.sa.js.login.JsLogin@735f7ae5]" name="LoadPropertie" is-config="true" duration-ms="16" started-at="2018-06-12T01:02:50Z" finished-at="2018-06-12T01:02:50Z">
          <reporter-output>
          </reporter-output>
        </test-method> <!-- LoadPropertie -->
        <test-method status="PASS" signature="LoadDriver()[pri:0, instance:com.sa.js.login.JsLogin@735f7ae5]" name="LoadDriver" is-config="true" duration-ms="10757" started-at="2018-06-12T01:02:50Z" finished-at="2018-06-12T01:03:01Z">
          <reporter-output>
          </reporter-output>
        </test-method> <!-- LoadDriver -->
        <test-method status="PASS" signature="ReadExcelFile()[pri:0, instance:com.sa.js.login.JsLogin@735f7ae5]" name="ReadExcelFile" is-config="true" duration-ms="658" started-at="2018-06-12T01:03:01Z" finished-at="2018-06-12T01:03:02Z">
          <reporter-output>
          </reporter-output>
        </test-method> <!-- ReadExcelFile -->
        <test-method status="PASS" signature="Salogin()[pri:1, instance:com.sa.js.login.JsLogin@735f7ae5]" name="Salogin" duration-ms="2454" started-at="2018-06-12T01:03:02Z" finished-at="2018-06-12T01:03:04Z">
          <reporter-output>
          </reporter-output>
        </test-method> <!-- Salogin -->
        <test-method status="FAIL" signature="Matches()[pri:2, instance:com.sa.js.login.JsLogin@735f7ae5]" name="Matches" duration-ms="5431" started-at="2018-06-12T01:03:04Z" finished-at="2018-06-12T01:03:10Z">
          <exception class="java.lang.NullPointerException">
            <full-stacktrace>
              <![CDATA[java.lang.NullPointerExceptionat org.openqa.selenium.support.ui.Select.<init>(Select.java:44)at com.sa.js.login.JsLogin.Matches(JsLogin.java:75)at sun.reflect.NativeMethodAccessorImpl.invoke0(Native Method)at sun.reflect.NativeMethodAccessorImpl.invoke(NativeMethodAccessorImpl.java:62)at sun.reflect.DelegatingMethodAccessorImpl.invoke(DelegatingMethodAccessorImpl.java:43)at java.lang.reflect.Method.invoke(Method.java:498)at org.testng.internal.MethodInvocationHelper.invokeMethod(MethodInvocationHelper.java:124)at org.testng.internal.Invoker.invokeMethod(Invoker.java:571)at org.testng.internal.Invoker.invokeTestMethod(Invoker.java:707)at org.testng.internal.Invoker.invokeTestMethods(Invoker.java:979)at org.testng.internal.TestMethodWorker.invokeTestMethods(TestMethodWorker.java:125)at org.testng.internal.TestMethodWorker.run(TestMethodWorker.java:109)at org.testng.TestRunner.privateRun(TestRunner.java:648)at org.testng.TestRunner.run(TestRunner.java:505)at org.testng.SuiteRunner.runTest(SuiteRunner.java:455)at org.testng.SuiteRunner.runSequentially(SuiteRunner.java:450)at org.testng.SuiteRunner.privateRun(SuiteRunner.java:415)at org.testng.SuiteRunner.run(SuiteRunner.java:364)at org.testng.SuiteRunnerWorker.runSuite(SuiteRunnerWorker.java:52)at org.testng.SuiteRunnerWorker.run(SuiteRunnerWorker.java:84)at org.testng.TestNG.runSuitesSequentially(TestNG.java:1187)at org.testng.TestNG.runSuitesLocally(TestNG.java:1116)at org.testng.TestNG.runSuites(TestNG.java:1028)at org.testng.TestNG.run(TestNG.java:996)at org.apache.maven.surefire.testng.TestNGExecutor.run(TestNGExecutor.java:283)at org.apache.maven.surefire.testng.TestNGXmlTestSuite.execute(TestNGXmlTestSuite.java:75)at org.apache.maven.surefire.testng.TestNGProvider.invoke(TestNGProvider.java:120)at org.apache.maven.surefire.booter.ForkedBooter.invokeProviderInSameClassLoader(ForkedBooter.java:373)at org.apache.maven.surefire.booter.ForkedBooter.runSuitesInProcess(ForkedBooter.java:334)at org.apache.maven.surefire.booter.ForkedBooter.execute(ForkedBooter.java:119)at org.apache.maven.surefire.booter.ForkedBooter.main(ForkedBooter.java:407)]]>
            </full-stacktrace>
          </exception> <!-- java.lang.NullPointerException -->
          <reporter-output>
          </reporter-output>
        </test-method> <!-- Matches -->
        <test-method status="PASS" signature="CloseBrowser()[pri:0, instance:com.sa.js.login.JsLogin@735f7ae5]" name="CloseBrowser" is-config="true" duration-ms="628" started-at="2018-06-12T01:03:10Z" finished-at="2018-06-12T01:03:10Z">
          <reporter-output>
            <line>
              <![CDATA[Test Complete Browser Quit]]>
            </line>
          </reporter-output>
        </test-method> <!-- CloseBrowser -->
      </class> <!-- com.sa.js.login.JsLogin -->
    </test> <!-- SA_verification -->
  </suite> <!-- SA Test Suite -->
</testng-results>
