<?xml version="1.0" encoding="UTF-8"?>
<testng-results skipped="0" failed="0" ignored="0" total="1" passed="1">
  <reporter-output>
    <line>
      <![CDATA[Test Complete Browser Quit]]>
    </line>
  </reporter-output>
  <suite name="SA Test Suite" duration-ms="15141" started-at="2018-06-13T05:53:22Z" finished-at="2018-06-13T05:53:37Z">
    <groups>
    </groups>
    <test name="SA_verification" duration-ms="15141" started-at="2018-06-13T05:53:22Z" finished-at="2018-06-13T05:53:37Z">
      <class name="com.sa.js.login.JsLogin">
        <test-method status="PASS" signature="LoadPropertie()[pri:0, instance:com.sa.js.login.JsLogin@5e5792a0]" name="LoadPropertie" is-config="true" duration-ms="9" started-at="2018-06-13T01:53:22Z" finished-at="2018-06-13T01:53:22Z">
          <reporter-output>
          </reporter-output>
        </test-method> <!-- LoadPropertie -->
        <test-method status="PASS" signature="LoadDriver()[pri:0, instance:com.sa.js.login.JsLogin@5e5792a0]" name="LoadDriver" is-config="true" duration-ms="11507" started-at="2018-06-13T01:53:22Z" finished-at="2018-06-13T01:53:34Z">
          <reporter-output>
          </reporter-output>
        </test-method> <!-- LoadDriver -->
        <test-method status="PASS" signature="ReadExcelFile()[pri:0, instance:com.sa.js.login.JsLogin@5e5792a0]" name="ReadExcelFile" is-config="true" duration-ms="586" started-at="2018-06-13T01:53:34Z" finished-at="2018-06-13T01:53:34Z">
          <reporter-output>
          </reporter-output>
        </test-method> <!-- ReadExcelFile -->
        <test-method status="PASS" signature="Salogin()[pri:1, instance:com.sa.js.login.JsLogin@5e5792a0]" name="Salogin" duration-ms="2411" started-at="2018-06-13T01:53:34Z" finished-at="2018-06-13T01:53:37Z">
          <reporter-output>
          </reporter-output>
        </test-method> <!-- Salogin -->
        <test-method status="PASS" signature="CloseBrowser()[pri:0, instance:com.sa.js.login.JsLogin@5e5792a0]" name="CloseBrowser" is-config="true" duration-ms="606" started-at="2018-06-13T01:53:37Z" finished-at="2018-06-13T01:53:37Z">
          <reporter-output>
            <line>
              <![CDATA[Test Complete Browser Quit]]>
            </line>
          </reporter-output>
        </test-method> <!-- CloseBrowser -->
      </class> <!-- com.sa.js.login.JsLogin -->
    </test> <!-- SA_verification -->
  </suite> <!-- SA Test Suite -->
</testng-results>
